<?xml version="1.0" encoding="utf-8"?><testsuites name="pytest tests"><testsuite name="pytest" errors="0" failures="1" skipped="0" tests="13" time="64.814" timestamp="2026-05-10T00:48:46.299940+00:00" hostname="agent-env-39b82235-4e2f-4137-88d4-10fbe7bc5cef"><testcase classname="backend.tests.backend_test.TestHealth" name="test_health_ok" time="0.267" /><testcase classname="backend.tests.backend_test.TestMarket" name="test_market_top_ge_20" time="1.476" /><testcase classname="backend.tests.backend_test.TestMarket" name="test_market_coingecko" time="0.427" /><testcase classname="backend.tests.backend_test.TestMarket" name="test_market_cmc" time="0.364" /><testcase classname="backend.tests.backend_test.TestMarket" name="test_market_klines_btc" time="0.846" /><testcase classname="backend.tests.backend_test.TestMarket" name="test_market_klines_invalid_interval" time="0.050" /><testcase classname="backend.tests.backend_test.TestSignals" name="test_list_signals" time="0.053" /><testcase classname="backend.tests.backend_test.TestSignals" name="test_signals_filters" time="0.270" /><testcase classname="backend.tests.backend_test.TestSignals" name="test_signals_stats" time="0.055" /><testcase classname="backend.tests.backend_test.TestScan" name="test_scan_run" time="60.054"><failure message="AssertionError: The preview environment is not responding. It may be starting up.&#10;  &#10;assert 502 == 200&#10; +  where 502 = &lt;Response [502]&gt;.status_code">backend/tests/backend_test.py:115: in test_scan_run
    assert r.status_code == 200, r.text
E   AssertionError: The preview environment is not responding. It may be starting up.
E     
E   assert 502 == 200
E    +  where 502 = &lt;Response [502]&gt;.status_code</failure></testcase><testcase classname="backend.tests.backend_test.TestScan" name="test_scan_runs" time="0.113" /><testcase classname="backend.tests.backend_test.TestBacktest" name="test_backtest_30d" time="0.052" /><testcase classname="backend.tests.backend_test.TestTelegram" name="test_telegram_test_send" time="0.504" /></testsuite></testsuites>